<?xml version="1.0" encoding="UTF-8"?>
<!-- Generated by org.testng.reporters.JUnitReportReporter -->
<testsuite skipped="0" hostname="Lab-637618486836961190-1" name="com.UrbanLadder.Runner.StoresTest" tests="1" failures="0" timestamp="2021-09-26T09:24:39 IST" time="16.441" errors="0">
  <testcase name="validateStores" time="16.441" classname="com.UrbanLadder.Runner.StoresTest"/>
  <system-out/>
</testsuite> <!-- com.UrbanLadder.Runner.StoresTest -->
