<?xml version="1.0" encoding="UTF-8"?>
<!-- Generated by org.testng.reporters.JUnitReportReporter -->
<testsuite skipped="0" hostname="Lab-637618486836961190-1" name="com.UrbanLadder.Runner.HelpTest" tests="1" failures="0" timestamp="2021-09-26T09:24:39 IST" time="12.140" errors="0">
  <testcase name="GiftCardValidate" time="12.140" classname="com.UrbanLadder.Runner.HelpTest"/>
  <system-out/>
</testsuite> <!-- com.UrbanLadder.Runner.HelpTest -->
