<?xml version="1.0" encoding="UTF-8"?>
<!-- Generated by org.testng.reporters.JUnitReportReporter -->
<testsuite skipped="0" hostname="Lab-637618486836961190-1" name="com.UrbanLadder.Runner.FooterTest" tests="1" failures="0" timestamp="2021-09-26T11:35:10 IST" time="14.696" errors="0">
  <testcase name="GiftCardValidate" time="14.696" classname="com.UrbanLadder.Runner.FooterTest"/>
  <system-out/>
</testsuite> <!-- com.UrbanLadder.Runner.FooterTest -->
